2023-11-07 02:11:17,725 - __main__ - INFO - Token not available!
2023-11-07 02:12:06,856 - __main__ - INFO - Token not available!
2023-11-07 02:13:21,614 - __main__ - INFO - Token not available!
2023-11-07 02:15:24,247 - __main__ - INFO - Gold Rate: 06/11/23 11:00 AM ==> ₹5635 ==> 45080
2023-11-07 02:15:55,555 - __main__ - INFO - Gold Rate: 06/11/23 11:00 AM ==> ₹5635 ==> 45080
2023-11-07 02:19:40,793 - __main__ - INFO - Gold Rate: 2023-11-07 02:19:40.457218--->06/11/23 11:00 AM ==> ₹5635 ==> 45080
2023-11-07 02:22:23,719 - __main__ - INFO - Gold Rate: 2023-11-07 02:22:23.386230🚨--->06/11/23 11:00 AM ==> ₹5635 ==> 45080
2023-11-07 02:23:00,232 - __main__ - INFO - Gold Rate: 2023-11-07 02:22:59.923946🚨---> /n 06/11/23 11:00 AM ==> ₹5635 ==> 45080
2023-11-07 02:24:00,411 - __main__ - INFO - Gold Rate: 2023-11-07 02:24:00.082000🚨---> <br>06/11/23 11:00 AM ==> ₹5635 ==> 45080
2023-11-07 02:24:50,812 - __main__ - INFO - Gold Rate: 2023-11-07 02:24:50.487237🚨---> 
06/11/23 11:00 AM ==> ₹5635 ==> 45080
2023-11-07 02:31:28,254 - __main__ - INFO - Gold Rate: 
        +-------------------+----------------------+--------------+--------------------+
        | Messge_created_at | Gold_rate_updated_at | price/g(22k) | price/8grams(22k)  |
        +-------------------+----------------------+--------------+--------------------+
        |            ABC    |                20.85 |        1.626 |             JKL    |
        +-------------------+----------------------+--------------+--------------------+
        
2023-11-07 02:32:59,325 - __main__ - INFO - Gold Rate: 
        +-------------------+----------------------+--------------+-----------+
        | Messge_created_at | Gold_rate_updated_at | price/g(22k) | poun      |
        +-------------------+----------------------+--------------+-----------+
        |            ABC    |                20.85 |        1.626 |    JKL    |
        +-------------------+----------------------+--------------+------------+
        
2023-11-07 02:33:40,991 - __main__ - INFO - Gold Rate: 
        +-------------------+----------------------+--------------+-----------+
        | created_at | Gold_rate_updated_at | price/g(22k) | poun      |
        +------------+----------------------+--------------+-----------+
        |     ABC    |                20.85 |        1.626 |    JKL    |
        +------------+----------------------+--------------+------------+
        
2023-11-07 02:35:05,102 - __main__ - INFO - Gold Rate: 
        +-------------------+----------------------+--------------+-----------+
        | created_at | Gold_rate_updated_at | price/g(22k) | poun      |
        +------------+----------------------+--------------+-----------+
        |     ABC    |                20.85 |        1.626 |    JKL    |
        +------------+----------------------+--------------+------------+
        
2023-11-07 02:36:45,595 - __main__ - INFO - Gold Rate: 
        +-------------------+----------------------+--------------+-----------+
        | created_at | Gold_rate_updated_at | price/g(22k) | poun      |
        +------------+----------------------+--------------+-----------+
        |     ABC    |                20.85 |        1.626 |    JKL    |
        +------------+----------------------+--------------+------------+
        
2023-11-07 02:36:56,381 - __main__ - INFO - Gold Rate: 
        +-------------------+----------------------+--------------+-----------+
        | created_at | Gold_rate_updated_at | price/g(22k) | poun      |
        +------------+----------------------+--------------+-----------+
        |     ABC    |                20.85 |        1.626 |    JKL    |
        +------------+----------------------+--------------+------------+
        
